0 info it worked if it ends with ok
1 verbose cli [ '/usr/local/Cellar/node/0.8.18/bin/node',
1 verbose cli   '/usr/local/bin/npm',
1 verbose cli   'init' ]
2 info using npm@1.2.2
3 info using node@v0.8.18
4 verbose read json /Users/rohini/RubymineProjects/ContractTesting/package.json
5 warn package.json contractTesting@0.0.1 No README.md file found!
6 silly package data undefined
7 info init written successfully
8 error Error: canceled
8 error     at Interface.<anonymous> (/usr/local/Cellar/node/0.8.18/lib/node_modules/npm/node_modules/read/lib/read.js:65:13)
8 error     at Interface.EventEmitter.emit (events.js:126:20)
8 error     at Interface._ttyWrite (readline.js:607:16)
8 error     at ReadStream.onkeypress (readline.js:97:10)
8 error     at ReadStream.EventEmitter.emit (events.js:126:20)
8 error     at emitKey (readline.js:1058:12)
8 error     at ReadStream.onData (readline.js:807:7)
8 error     at ReadStream.EventEmitter.emit (events.js:96:17)
8 error     at TTY.onread (net.js:397:14)
9 error If you need help, you may report this log at:
9 error     <http://github.com/isaacs/npm/issues>
9 error or email it to:
9 error     <npm-@googlegroups.com>
10 error System Darwin 13.1.0
11 error command "/usr/local/Cellar/node/0.8.18/bin/node" "/usr/local/bin/npm" "init"
12 error cwd /Users/rohini/RubymineProjects/ContractTesting
13 error node -v v0.8.18
14 error npm -v 1.2.2
15 verbose exit [ 1, true ]
